44.0017 	INFO 	Loaded monitor calibration from ['2025_11_04 16:23']
44.2405 	INFO 	Using renderer 'Intel(R) UHD Graphics' for graphics
44.2406 	INFO 	OpenGL version supported by driver is 4..
44.3752 	EXP 	Created window1 = Window(allowGUI=True, allowStencil=True, autoLog=True, backendConf=UNKNOWN, backgroundFit=<method-wrapper '__getattribute__' of attributeSetter object at 0x0000020380548BB0>, backgroundImage=<method-wrapper '__getattribute__' of attributeSetter object at 0x0000020380548C10>, bitsMode=UNKNOWN, blendMode='avg', bpc=(8, 8, 8), color=array([0, 0, 0]), colorSpace='rgb', depthBits=8, fullscr=False, gamma=None, gammaErrorPolicy='raise', infoMsg=UNKNOWN, lms=UNKNOWN, monitor=<psychopy.monitors.calibTools.Monitor object at 0x0000020380745450>, multiSample=False, name='window1', numSamples=2, pos=[np.float64(560.0), np.float64(240.0)], screen=0, size=array([800, 600]), stencilBits=8, stereo=False, title='PsychoPy', units='height', useFBO=True, useRetina=False, viewOri=0.0, viewPos=None, viewScale=None, waitBlanking=True, winType='pyglet')
44.3753 	EXP 	window1: backgroundImage = ''
44.3753 	EXP 	window1: backgroundFit = 'none'
44.4119 	DEBUG 	TextBox2 loaded 1 chars with 0 blanks and 1 valid
44.4290 	DEBUG 	TextBox2 loaded 1 chars with 0 blanks and 1 valid
44.4449 	DEBUG 	TextBox2 loaded 1 chars with 0 blanks and 1 valid
44.4612 	DEBUG 	TextBox2 loaded 1 chars with 0 blanks and 1 valid
44.4775 	DEBUG 	TextBox2 loaded 1 chars with 0 blanks and 1 valid
44.4933 	DEBUG 	TextBox2 loaded 1 chars with 0 blanks and 1 valid
44.5092 	DEBUG 	TextBox2 loaded 1 chars with 0 blanks and 1 valid
44.5251 	DEBUG 	TextBox2 loaded 1 chars with 0 blanks and 1 valid
44.5407 	DEBUG 	TextBox2 loaded 1 chars with 0 blanks and 1 valid
44.5560 	DEBUG 	TextBox2 loaded 1 chars with 0 blanks and 1 valid
44.5719 	DEBUG 	TextBox2 loaded 1 chars with 0 blanks and 1 valid
44.5878 	DEBUG 	TextBox2 loaded 1 chars with 0 blanks and 1 valid
44.6042 	DEBUG 	TextBox2 loaded 1 chars with 0 blanks and 1 valid
44.6201 	DEBUG 	TextBox2 loaded 1 chars with 0 blanks and 1 valid
44.6358 	DEBUG 	TextBox2 loaded 1 chars with 0 blanks and 1 valid
44.6518 	DEBUG 	TextBox2 loaded 1 chars with 0 blanks and 1 valid
44.6681 	DEBUG 	TextBox2 loaded 1 chars with 0 blanks and 1 valid
44.6838 	DEBUG 	TextBox2 loaded 1 chars with 0 blanks and 1 valid
44.6994 	DEBUG 	TextBox2 loaded 1 chars with 0 blanks and 1 valid
44.7157 	DEBUG 	TextBox2 loaded 1 chars with 0 blanks and 1 valid
44.7316 	DEBUG 	TextBox2 loaded 1 chars with 0 blanks and 1 valid
44.7320 	DEBUG 	Uploading Texture Font fontname to graphics card
44.7335 	DEBUG 	Upload of Texture Font fontname complete
44.7628 	DEBUG 	TextBox2 loaded 1 chars with 0 blanks and 1 valid
44.7788 	DEBUG 	TextBox2 loaded 1 chars with 0 blanks and 1 valid
44.7953 	DEBUG 	TextBox2 loaded 1 chars with 0 blanks and 1 valid
44.7956 	DEBUG 	Uploading Texture Font fontname to graphics card
44.7966 	DEBUG 	Upload of Texture Font fontname complete
44.7987 	EXP 	window1: Attempting to measure frame rate of screen (0) ...
44.7987 	EXP 	window1: recordFrameIntervals = False
44.9169 	EXP 	window1: recordFrameIntervals = True
45.7701 	EXP 	Screen (0) actual frame rate measured at 72.00Hz
45.7702 	EXP 	window1: recordFrameIntervals = False
45.8510 	DEBUG 	TextBox2 loaded 1 chars with 0 blanks and 1 valid
45.8690 	DEBUG 	TextBox2 loaded 1 chars with 0 blanks and 1 valid
45.8849 	DEBUG 	TextBox2 loaded 1 chars with 0 blanks and 1 valid
45.9010 	DEBUG 	TextBox2 loaded 1 chars with 0 blanks and 1 valid
45.9172 	DEBUG 	TextBox2 loaded 1 chars with 0 blanks and 1 valid
45.9333 	DEBUG 	TextBox2 loaded 1 chars with 0 blanks and 1 valid
45.9491 	DEBUG 	TextBox2 loaded 1 chars with 0 blanks and 1 valid
45.9654 	DEBUG 	TextBox2 loaded 1 chars with 0 blanks and 1 valid
45.9813 	DEBUG 	TextBox2 loaded 1 chars with 0 blanks and 1 valid
45.9973 	DEBUG 	TextBox2 loaded 1 chars with 0 blanks and 1 valid
45.9978 	DEBUG 	Uploading Texture Font fontname to graphics card
45.9988 	DEBUG 	Upload of Texture Font fontname complete
46.2264 	INFO 	keyboard.Keyboard is using ptb backend.
46.2265 	INFO 	keyboard.Keyboard is using ptb backend.
46.2266 	EXP 	acceptability-judgment-advanced: status = STARTED
46.3485 	EXP 	Created text = TextStim(__class__=<class 'psychopy.visual.text.TextStim'>, alignHoriz=method-wrapper(...), alignText='center', alignVert=method-wrapper(...), anchorHoriz='center', anchorVert='center', antialias=True, autoDraw=False, autoLog=True, bold=False, color=array([1., 1., 1.]), colorSpace='rgb', contrast=1.0, depth=0.0, draggable=False, flipHoriz=False, flipVert=False, font='Arial', fontFiles=[], height=np.float64(0.05), italic=False, languageStyle='LTR', name='text', opacity=1, ori=0.0, pos=array([0., 0.]), rgb=UNKNOWN, text=str(...), units='height', win=Window(...), wrapWidth=1)
46.3784 	EXP 	Created image = ImageStim(__class__=<class 'psychopy.visual.image.ImageStim'>, anchor=('left', 'top'), autoLog=True, color=array([1., 1., 1.]), colorSpace='rgb', contrast=1.0, depth=-2.0, draggable=False, flipHoriz=np.False_, flipVert=np.False_, image='default.png', interpolate=True, mask=None, maskParams=None, name='image', opacity=1, ori=0.0, pos=array([0., 0.]), size=array([1., 1.]), texRes=128.0, units='height', win=Window(...))
46.3828 	EXP 	Created image_2 = ImageStim(__class__=<class 'psychopy.visual.image.ImageStim'>, anchor=('right', 'top'), autoLog=True, color=array([1., 1., 1.]), colorSpace='rgb', contrast=1.0, depth=-3.0, draggable=False, flipHoriz=np.False_, flipVert=np.False_, image='default.png', interpolate=True, mask=None, maskParams=None, name='image_2', opacity=1, ori=0.0, pos=array([0.85, 0.  ]), size=array([0.5, 0.5]), texRes=128.0, units='height', win=Window(...))
46.4079 	DEBUG 	TextBox2 loaded 1 chars with 0 blanks and 1 valid
46.4088 	DEBUG 	TextBox2 loaded 1 chars with 0 blanks and 1 valid
46.4097 	DEBUG 	TextBox2 loaded 1 chars with 0 blanks and 1 valid
46.4105 	DEBUG 	TextBox2 loaded 1 chars with 0 blanks and 1 valid
46.4108 	DEBUG 	TextBox2 loaded 1 chars with 0 blanks and 1 valid
46.4112 	DEBUG 	TextBox2 loaded 1 chars with 0 blanks and 1 valid
46.4121 	DEBUG 	TextBox2 loaded 1 chars with 0 blanks and 1 valid
46.4127 	DEBUG 	TextBox2 loaded 1 chars with 0 blanks and 1 valid
46.4131 	DEBUG 	TextBox2 loaded 1 chars with 0 blanks and 1 valid
46.4133 	DEBUG 	Uploading Texture Font fontname to graphics card
46.4142 	DEBUG 	Upload of Texture Font fontname complete
46.4593 	EXP 	Created slider = Slider(__class__=<class 'psychopy.visual.slider.Slider'>, autoDraw=False, autoLog=True, borderColor=None, color=None, colorSpace='rgb', depth=-6, fillColor=None, flip=False, font='Noto Sans', granularity=1.0, labelColor=None, labelHeight=np.float64(0.05), labelWrapWidth=None, labels=None, lineColor=None, markerColor=None, name='slider', opacity=None, ori=0.0, pos=array([0., 0.]), readOnly=False, self=UNKNOWN, size=array([1. , 0.1]), startValue=None, style='scrollbar', styleTweaks=[], ticks=array([0, 1, 2, 3, 4]), units='height', win=Window(...))
0.0037 	EXP 	textbox: autoLog = True
0.0037 	EXP 	errorBox: autoLog = True
0.0037 	EXP 	slider: autoLog = True
0.0037 	EXP 	slider: ticks = <class 'numpy.ndarray'>
0.0037 	EXP 	slider: styleTweaks = []
0.0037 	EXP 	slider: styleTweaks = []
0.0037 	EXP 	slider: styleTweaks = []
0.0037 	EXP 	slider: styleTweaks = []
0.0037 	EXP 	slider: contrast = 1.0
0.0037 	EXP 	slider: markerPos = None
0.0037 	EXP 	slider: autoLog = True
0.0117 	INFO 	Keyboard events cleared
0.0116 	EXP 	text: autoDraw = True
0.8291 	DATA 	Mouse: Left button down, pos=(371,387)
0.9127 	DATA 	Mouse:  Left button up, pos=(371,387)
1.2349 	EXP 	Device response: <KeyPress from None: t=1.2137296000728384, value=space, duration=None>
1.2582 	DEBUG 	Read excel file with openpyxl: Stimuli_w_path.xlsx
1.2600 	EXP 	Imported Stimuli_w_path.xlsx as conditions, 3 conditions, 6 params
1.2608 	EXP 	New trial (rep=0, index=0): <Trial 0 (0 in rep 0) data={'Pair': 'ajar/open', 'SIDR': 0.11, 'weak_sentence': 'The spokesperson said the door to the ballot room was ajar.', 'strong_sentence': 'The spokesperson said the door to the ballot room was open.', 'weak_image': 'C:\\Users\\ctnic\\OneDrive\\Desktop\\FInal_ling_805\\Image stimuli\\Ajar_Sora_25112025.png', 'strong_image': 'C:\\Users\\ctnic\\OneDrive\\Desktop\\FInal_ling_805\\Image stimuli\\Open_Sora_25112025.png', 'thisN': 0, 'thisTrialN': 0, 'thisRepN': 0}>
1.4111 	DEBUG 	TextBox2 loaded 1 chars with 0 blanks and 1 valid
1.4120 	DEBUG 	TextBox2 loaded 1 chars with 0 blanks and 1 valid
1.4128 	DEBUG 	TextBox2 loaded 1 chars with 0 blanks and 1 valid
1.4137 	DEBUG 	TextBox2 loaded 1 chars with 0 blanks and 1 valid
1.4144 	DEBUG 	TextBox2 loaded 1 chars with 0 blanks and 1 valid
1.4150 	DEBUG 	TextBox2 loaded 1 chars with 0 blanks and 1 valid
1.4159 	DEBUG 	TextBox2 loaded 1 chars with 0 blanks and 1 valid
1.4166 	DEBUG 	TextBox2 loaded 1 chars with 0 blanks and 1 valid
1.4176 	DEBUG 	TextBox2 loaded 1 chars with 0 blanks and 1 valid
1.4181 	DEBUG 	TextBox2 loaded 1 chars with 0 blanks and 1 valid
1.4191 	DEBUG 	TextBox2 loaded 1 chars with 0 blanks and 1 valid
1.4201 	DEBUG 	TextBox2 loaded 1 chars with 0 blanks and 1 valid
1.4209 	DEBUG 	TextBox2 loaded 1 chars with 0 blanks and 1 valid
1.4212 	DEBUG 	Uploading Texture Font fontname to graphics card
1.4217 	DEBUG 	Upload of Texture Font fontname complete
1.4237 	DATA 	Keypress: space
1.4247 	EXP 	Device response: <KeyPress from None: t=1.2137296000728384, value=space, duration=0.1010721999919042>
1.4440 	EXP 	text: autoDraw = False
1.4440 	EXP 	image: image = 'C:\\Users\\ctnic\\OneDrive\\Desktop\\FInal_ling_805\\Image stimuli\\Ajar_Sora_25112025.png'
1.4440 	EXP 	image_2: image = 'C:\\Users\\ctnic\\OneDrive\\Desktop\\FInal_ling_805\\Image stimuli\\Open_Sora_25112025.png'
1.4440 	EXP 	slider: markerPos = None
1.4440 	EXP 	slider: markerPos = None
1.4440 	EXP 	image: autoDraw = True
1.4440 	EXP 	image_2: autoDraw = True
1.4440 	EXP 	textbox: autoDraw = True
1.4440 	EXP 	errorBox: autoDraw = True
1.4440 	EXP 	slider: autoDraw = True
10.7178 	DATA 	Mouse: Left button down, pos=(502,311)
10.7327 	EXP 	slider: markerPos = np.float64(2.68)
10.7537 	EXP 	slider: markerPos = np.float64(2.68)
10.7742 	EXP 	slider: markerPos = np.float64(2.68)
10.7879 	EXP 	slider: markerPos = np.float64(2.68)
10.8018 	EXP 	slider: markerPos = np.float64(2.68)
10.8158 	EXP 	slider: markerPos = np.float64(2.68)
10.8207 	DATA 	Mouse:  Left button up, pos=(502,311)
10.8369 	EXP 	slider: markerPos = 3.0
10.9940 	DATA 	Keypress: space
10.9944 	EXP 	Device response: <KeyPress from None: t=10.989035100094043, value=space, duration=None>
10.9951 	EXP 	New trial (rep=0, index=1): <Trial 1 (1 in rep 0) data={'Pair': 'likely/certain', 'SIDR': 0.79, 'weak_sentence': 'The spokesperson said success was likely.', 'strong_sentence': 'The spokesperson said success was certain.', 'weak_image': 'C:\\Users\\ctnic\\OneDrive\\Desktop\\FInal_ling_805\\Image stimuli\\Likely_Sora_25112025.png', 'strong_image': 'C:\\Users\\ctnic\\OneDrive\\Desktop\\FInal_ling_805\\Image stimuli\\Certain_Sora_25112025.png', 'thisN': 1, 'thisTrialN': 1, 'thisRepN': 0}>
11.1106 	DEBUG 	TextBox2 loaded 1 chars with 0 blanks and 1 valid
11.1114 	DEBUG 	TextBox2 loaded 1 chars with 0 blanks and 1 valid
11.1117 	DEBUG 	Uploading Texture Font fontname to graphics card
11.1129 	DEBUG 	Upload of Texture Font fontname complete
11.1147 	EXP 	Device response: <KeyPress from None: t=10.989035100094043, value=space, duration=0.025753799942322075>
11.1279 	EXP 	image: autoDraw = False
11.1279 	EXP 	image_2: autoDraw = False
11.1279 	EXP 	textbox: autoDraw = False
11.1279 	EXP 	errorBox: autoDraw = False
11.1279 	EXP 	slider: autoDraw = False
11.1279 	EXP 	image: image = 'C:\\Users\\ctnic\\OneDrive\\Desktop\\FInal_ling_805\\Image stimuli\\Likely_Sora_25112025.png'
11.1279 	EXP 	image_2: image = 'C:\\Users\\ctnic\\OneDrive\\Desktop\\FInal_ling_805\\Image stimuli\\Certain_Sora_25112025.png'
11.1279 	EXP 	slider: markerPos = None
11.1279 	EXP 	slider: markerPos = None
11.1279 	EXP 	image: autoDraw = True
11.1279 	EXP 	image_2: autoDraw = True
11.1279 	EXP 	textbox: autoDraw = True
11.1279 	EXP 	errorBox: autoDraw = True
11.1279 	EXP 	slider: autoDraw = True
11.4782 	DATA 	Keypress: space
11.4824 	DEBUG 	TextBox2 loaded 1 chars with 0 blanks and 1 valid
11.4862 	DEBUG 	TextBox2 loaded 1 chars with 0 blanks and 1 valid
11.4899 	DEBUG 	TextBox2 loaded 1 chars with 0 blanks and 1 valid
11.4908 	DEBUG 	Uploading Texture Font fontname to graphics card
11.4921 	DEBUG 	Upload of Texture Font fontname complete
11.4924 	EXP 	Device response: <KeyPress from None: t=11.47218070004601, value=space, duration=None>
11.5635 	EXP 	Device response: <KeyPress from None: t=11.47218070004601, value=space, duration=0.08706900000106543>
11.9936 	DATA 	Keypress: space
11.9966 	EXP 	Device response: <KeyPress from None: t=11.987158100004308, value=space, duration=None>
12.1003 	EXP 	Device response: <KeyPress from None: t=11.987158100004308, value=space, duration=0.10576499998569489>
12.5839 	DATA 	Mouse: Left button down, pos=(502,311)
12.6008 	EXP 	slider: markerPos = np.float64(2.68)
12.6214 	EXP 	slider: markerPos = np.float64(2.68)
12.6427 	EXP 	slider: markerPos = np.float64(2.68)
12.6633 	EXP 	slider: markerPos = np.float64(2.68)
12.6781 	DATA 	Mouse:  Left button up, pos=(502,311)
12.6840 	EXP 	slider: markerPos = np.float64(2.68)
12.7061 	EXP 	slider: markerPos = 3.0
12.9461 	DATA 	Keypress: space
12.9467 	EXP 	Device response: <KeyPress from None: t=12.936074900091626, value=space, duration=None>
12.9477 	EXP 	New trial (rep=0, index=2): <Trial 2 (2 in rep 0) data={'Pair': 'adequate/good', 'SIDR': 0.44, 'weak_sentence': 'The spokesperson said the office equipment was adequate.', 'strong_sentence': 'The spokesperson said the office equipment was good.', 'weak_image': 'C:\\Users\\ctnic\\OneDrive\\Desktop\\FInal_ling_805\\Image stimuli\\Adequate_Sora_25112025.png', 'strong_image': 'C:\\Users\\ctnic\\OneDrive\\Desktop\\FInal_ling_805\\Image stimuli\\Good_Sora_25112025 (3).png', 'thisN': 2, 'thisTrialN': 2, 'thisRepN': 0}>
13.0587 	DEBUG 	TextBox2 loaded 1 chars with 0 blanks and 1 valid
13.0591 	DEBUG 	Uploading Texture Font fontname to graphics card
13.0595 	DEBUG 	Upload of Texture Font fontname complete
13.0614 	EXP 	Device response: <KeyPress from None: t=12.936074900091626, value=space, duration=0.10114489996340126>
13.0722 	EXP 	image: autoDraw = False
13.0722 	EXP 	image_2: autoDraw = False
13.0722 	EXP 	textbox: autoDraw = False
13.0722 	EXP 	errorBox: autoDraw = False
13.0722 	EXP 	slider: autoDraw = False
13.0722 	EXP 	image: image = 'C:\\Users\\ctnic\\OneDrive\\Desktop\\FInal_ling_805\\Image stimuli\\Adequate_Sora_25112025.png'
13.0722 	EXP 	image_2: image = 'C:\\Users\\ctnic\\OneDrive\\Desktop\\FInal_ling_805\\Image stimuli\\Good_Sora_25112025 (3).png'
13.0722 	EXP 	slider: markerPos = None
13.0722 	EXP 	slider: markerPos = None
13.0722 	EXP 	image: autoDraw = True
13.0722 	EXP 	image_2: autoDraw = True
13.0722 	EXP 	textbox: autoDraw = True
13.0722 	EXP 	errorBox: autoDraw = True
13.0722 	EXP 	slider: autoDraw = True
13.3688 	DATA 	Mouse: Left button down, pos=(502,311)
13.3861 	EXP 	slider: markerPos = np.float64(2.68)
13.4135 	EXP 	slider: markerPos = np.float64(2.68)
13.4413 	EXP 	slider: markerPos = np.float64(2.68)
13.4690 	EXP 	slider: markerPos = np.float64(2.68)
13.4866 	DATA 	Mouse:  Left button up, pos=(502,311)
13.4971 	EXP 	slider: markerPos = 3.0
13.6874 	DATA 	Keypress: space
13.6878 	EXP 	Device response: <KeyPress from None: t=13.679070200072601, value=space, duration=None>
13.6986 	EXP 	image: autoDraw = False
13.6986 	EXP 	image_2: autoDraw = False
13.6986 	EXP 	textbox: autoDraw = False
13.6986 	EXP 	errorBox: autoDraw = False
13.6986 	EXP 	slider: autoDraw = False
13.7023 	EXP 	acceptability-judgment-advanced: status = STOPPED
13.7175 	INFO 	saved data to 'C:\\Users\\ctnic\\OneDrive\\Desktop\\FInal_ling_805\\data\\pilot_acceptability-judgment-advanced_2025-12-02_09h01.35.072.csv'
13.7184 	INFO 	saved data to C:\Users\ctnic\OneDrive\Desktop\FInal_ling_805\data\pilot_acceptability-judgment-advanced_2025-12-02_09h01.35.072.psydat
14.0829 	DEBUG 	Saving data for acceptability-judgment-advanced ExperimentHandler
14.0866 	WARNING 	Stopping key buffers but this could be dangerous ifother keyboards rely on the same.
14.1126 	WARNING 	Stopping key buffers but this could be dangerous ifother keyboards rely on the same.
