6.7549 	DEBUG 	Fullscreen settings ignored as running in pilot mode.
6.7560 	INFO 	Loaded monitor calibration from ['2025_11_04 16:23']
6.9712 	INFO 	Using renderer 'Intel(R) UHD Graphics' for graphics
6.9712 	INFO 	OpenGL version supported by driver is 4..
7.0892 	EXP 	Created window1 = Window(allowGUI=False, allowStencil=True, autoLog=True, backendConf=UNKNOWN, backgroundFit=<method-wrapper '__getattribute__' of attributeSetter object at 0x0000021FE8C52F80>, backgroundImage=<method-wrapper '__getattribute__' of attributeSetter object at 0x0000021FE8C52FE0>, bitsMode=UNKNOWN, blendMode='avg', bpc=(8, 8, 8), color=array([0, 0, 0]), colorSpace='rgb', depthBits=8, fullscr=False, gamma=None, gammaErrorPolicy='raise', infoMsg=UNKNOWN, lms=UNKNOWN, monitor=<psychopy.monitors.calibTools.Monitor object at 0x0000021FE8D570D0>, multiSample=False, name='window1', numSamples=2, pos=[np.float64(560.0), np.float64(240.0)], screen=0, size=array([800, 600]), stencilBits=8, stereo=False, title='PsychoPy', units='height', useFBO=True, useRetina=False, viewOri=0.0, viewPos=None, viewScale=None, waitBlanking=True, winType='pyglet')
7.0892 	EXP 	window1: backgroundImage = ''
7.0892 	EXP 	window1: backgroundFit = 'none'
7.1261 	DEBUG 	TextBox2 loaded 1 chars with 0 blanks and 1 valid
7.1435 	DEBUG 	TextBox2 loaded 1 chars with 0 blanks and 1 valid
7.1608 	DEBUG 	TextBox2 loaded 1 chars with 0 blanks and 1 valid
7.1774 	DEBUG 	TextBox2 loaded 1 chars with 0 blanks and 1 valid
7.1933 	DEBUG 	TextBox2 loaded 1 chars with 0 blanks and 1 valid
7.2086 	DEBUG 	TextBox2 loaded 1 chars with 0 blanks and 1 valid
7.2248 	DEBUG 	TextBox2 loaded 1 chars with 0 blanks and 1 valid
7.2408 	DEBUG 	TextBox2 loaded 1 chars with 0 blanks and 1 valid
7.2561 	DEBUG 	TextBox2 loaded 1 chars with 0 blanks and 1 valid
7.2716 	DEBUG 	TextBox2 loaded 1 chars with 0 blanks and 1 valid
7.2876 	DEBUG 	TextBox2 loaded 1 chars with 0 blanks and 1 valid
7.3036 	DEBUG 	TextBox2 loaded 1 chars with 0 blanks and 1 valid
7.3194 	DEBUG 	TextBox2 loaded 1 chars with 0 blanks and 1 valid
7.3351 	DEBUG 	TextBox2 loaded 1 chars with 0 blanks and 1 valid
7.3511 	DEBUG 	TextBox2 loaded 1 chars with 0 blanks and 1 valid
7.3668 	DEBUG 	TextBox2 loaded 1 chars with 0 blanks and 1 valid
7.3825 	DEBUG 	TextBox2 loaded 1 chars with 0 blanks and 1 valid
7.3977 	DEBUG 	TextBox2 loaded 1 chars with 0 blanks and 1 valid
7.4134 	DEBUG 	TextBox2 loaded 1 chars with 0 blanks and 1 valid
7.4295 	DEBUG 	TextBox2 loaded 1 chars with 0 blanks and 1 valid
7.4448 	DEBUG 	TextBox2 loaded 1 chars with 0 blanks and 1 valid
7.4451 	DEBUG 	Uploading Texture Font fontname to graphics card
7.4470 	DEBUG 	Upload of Texture Font fontname complete
7.4814 	DEBUG 	TextBox2 loaded 1 chars with 0 blanks and 1 valid
7.5058 	DEBUG 	TextBox2 loaded 1 chars with 0 blanks and 1 valid
7.5351 	DEBUG 	TextBox2 loaded 1 chars with 0 blanks and 1 valid
7.5355 	DEBUG 	Uploading Texture Font fontname to graphics card
7.5382 	DEBUG 	Upload of Texture Font fontname complete
7.5406 	EXP 	window1: Attempting to measure frame rate of screen (0) ...
7.5407 	EXP 	window1: recordFrameIntervals = False
7.6423 	EXP 	window1: recordFrameIntervals = True
8.1853 	WARNING 	t of last frame was 20.56ms (=1/48)
8.3382 	WARNING 	t of last frame was 21.09ms (=1/47)
8.3601 	WARNING 	t of last frame was 21.84ms (=1/45)
8.4227 	WARNING 	t of last frame was 22.10ms (=1/45)
8.4855 	WARNING 	Multiple dropped frames have occurred - I'll stop bothering you about them!
8.6294 	WARNING 	Couldn't measure a consistent frame rate!
  - Is your graphics card set to sync to vertical blank?
  - Are you running other processes on your computer?

8.6694 	DEBUG 	TextBox2 loaded 1 chars with 0 blanks and 1 valid
8.6872 	DEBUG 	TextBox2 loaded 1 chars with 0 blanks and 1 valid
8.7030 	DEBUG 	TextBox2 loaded 1 chars with 0 blanks and 1 valid
8.7195 	DEBUG 	TextBox2 loaded 1 chars with 0 blanks and 1 valid
8.7356 	DEBUG 	TextBox2 loaded 1 chars with 0 blanks and 1 valid
8.7515 	DEBUG 	TextBox2 loaded 1 chars with 0 blanks and 1 valid
8.7668 	DEBUG 	TextBox2 loaded 1 chars with 0 blanks and 1 valid
8.7826 	DEBUG 	TextBox2 loaded 1 chars with 0 blanks and 1 valid
8.7990 	DEBUG 	TextBox2 loaded 1 chars with 0 blanks and 1 valid
8.8150 	DEBUG 	TextBox2 loaded 1 chars with 0 blanks and 1 valid
8.8154 	DEBUG 	Uploading Texture Font fontname to graphics card
8.8176 	DEBUG 	Upload of Texture Font fontname complete
9.0657 	INFO 	keyboard.Keyboard is using ptb backend.
9.0658 	INFO 	keyboard.Keyboard is using ptb backend.
9.0659 	INFO 	keyboard.Keyboard is using ptb backend.
9.0659 	EXP 	final_project: status = STARTED
9.1953 	EXP 	Created text = TextStim(__class__=<class 'psychopy.visual.text.TextStim'>, alignHoriz=method-wrapper(...), alignText='center', alignVert=method-wrapper(...), anchorHoriz='center', anchorVert='center', antialias=True, autoDraw=False, autoLog=True, bold=False, color=array([1., 1., 1.]), colorSpace='rgb', contrast=1.0, depth=0.0, draggable=False, flipHoriz=False, flipVert=False, font='Arial', fontFiles=[], height=np.float64(0.05), italic=False, languageStyle='LTR', name='text', opacity=1, ori=0.0, pos=array([0., 0.]), rgb=UNKNOWN, text=str(...), units='height', win=Window(...), wrapWidth=1)
9.2511 	DEBUG 	TextBox2 loaded 1 chars with 0 blanks and 1 valid
9.2515 	DEBUG 	Uploading Texture Font fontname to graphics card
9.2521 	DEBUG 	Upload of Texture Font fontname complete
9.2933 	DEBUG 	TextBox2 loaded 1 chars with 0 blanks and 1 valid
9.2936 	DEBUG 	Uploading Texture Font fontname to graphics card
9.2958 	DEBUG 	Upload of Texture Font fontname complete
9.3261 	EXP 	Created partyslider = Slider(__class__=<class 'psychopy.visual.slider.Slider'>, autoDraw=False, autoLog=True, borderColor=None, color=None, colorSpace='rgb', depth=-1, fillColor=None, flip=False, font='Noto Sans', granularity=1.0, labelColor=None, labelHeight=np.float64(0.05), labelWrapWidth=None, labels=['Democrat', 'Repbulican'], lineColor=None, markerColor=None, name='partyslider', opacity=None, ori=0.0, pos=array([0., 0.]), readOnly=False, self=UNKNOWN, size=array([1. , 0.1]), startValue=None, style='rating', styleTweaks=[], ticks=array([1, 2]), units='height', win=Window(...))
9.3310 	EXP 	Created partyInstructions = TextStim(__class__=<class 'psychopy.visual.text.TextStim'>, alignHoriz=method-wrapper(...), alignText='center', alignVert=method-wrapper(...), anchorHoriz='center', anchorVert='center', antialias=True, autoDraw=False, autoLog=True, bold=False, color=array([1., 1., 1.]), colorSpace='rgb', contrast=1.0, depth=-2.0, draggable=False, flipHoriz=False, flipVert=False, font='Arial', fontFiles=[], height=np.float64(0.05), italic=False, languageStyle='LTR', name='partyInstructions', opacity=1, ori=0.0, pos=array([0. , 0.4]), rgb=UNKNOWN, text=str(...), units='height', win=Window(...), wrapWidth=1)
9.3440 	EXP 	Created image = ImageStim(__class__=<class 'psychopy.visual.image.ImageStim'>, anchor=('left', 'top'), autoLog=True, color=array([1., 1., 1.]), colorSpace='rgb', contrast=1.0, depth=-2.0, draggable=False, flipHoriz=np.False_, flipVert=np.False_, image='default.png', interpolate=True, mask=None, maskParams=None, name='image', opacity=1, ori=0.0, pos=array([0., 0.]), size=array([1., 1.]), texRes=128.0, units='height', win=Window(...))
9.3482 	EXP 	Created image_2 = ImageStim(__class__=<class 'psychopy.visual.image.ImageStim'>, anchor=('right', 'top'), autoLog=True, color=array([1., 1., 1.]), colorSpace='rgb', contrast=1.0, depth=-3.0, draggable=False, flipHoriz=np.False_, flipVert=np.False_, image='default.png', interpolate=True, mask=None, maskParams=None, name='image_2', opacity=1, ori=0.0, pos=array([1.  , 0.25]), size=array([0.7, 0.7]), texRes=128.0, units='height', win=Window(...))
9.3762 	DEBUG 	TextBox2 loaded 1 chars with 0 blanks and 1 valid
9.3779 	DEBUG 	TextBox2 loaded 1 chars with 0 blanks and 1 valid
9.3797 	DEBUG 	TextBox2 loaded 1 chars with 0 blanks and 1 valid
9.3813 	DEBUG 	TextBox2 loaded 1 chars with 0 blanks and 1 valid
9.3824 	DEBUG 	TextBox2 loaded 1 chars with 0 blanks and 1 valid
9.3835 	DEBUG 	TextBox2 loaded 1 chars with 0 blanks and 1 valid
9.3852 	DEBUG 	TextBox2 loaded 1 chars with 0 blanks and 1 valid
9.3866 	DEBUG 	TextBox2 loaded 1 chars with 0 blanks and 1 valid
9.3877 	DEBUG 	TextBox2 loaded 1 chars with 0 blanks and 1 valid
9.3880 	DEBUG 	Uploading Texture Font fontname to graphics card
9.3889 	DEBUG 	Upload of Texture Font fontname complete
9.4258 	EXP 	Created slider = Slider(__class__=<class 'psychopy.visual.slider.Slider'>, autoDraw=False, autoLog=True, borderColor=None, color=None, colorSpace='rgb', depth=-6, fillColor=None, flip=False, font='Noto Sans', granularity=1.0, labelColor=None, labelHeight=np.float64(0.05), labelWrapWidth=None, labels=None, lineColor=None, markerColor=None, name='slider', opacity=None, ori=0.0, pos=array([0., 0.]), readOnly=False, self=UNKNOWN, size=array([0.5, 0.1]), startValue=None, style='rating', styleTweaks=[], ticks=array([0, 1, 2, 3, 4]), units='height', win=Window(...))
0.0084 	EXP 	partyslider: autoLog = True
0.0084 	EXP 	partyslider: styleTweaks = []
0.0084 	EXP 	partyslider: styleTweaks = []
0.0084 	EXP 	partyslider: styleTweaks = []
0.0084 	EXP 	partyslider: styleTweaks = []
0.0084 	EXP 	partyslider: contrast = 1.0
0.0084 	EXP 	partyslider: markerPos = None
0.0084 	EXP 	partyslider: autoLog = True
0.0084 	EXP 	textbox: autoLog = True
0.0084 	EXP 	errorBox: autoLog = True
0.0084 	EXP 	slider: autoLog = True
0.0084 	EXP 	slider: ticks = <class 'numpy.ndarray'>
0.0084 	EXP 	slider: styleTweaks = []
0.0084 	EXP 	slider: styleTweaks = []
0.0084 	EXP 	slider: styleTweaks = []
0.0084 	EXP 	slider: styleTweaks = []
0.0084 	EXP 	slider: contrast = 1.0
0.0084 	EXP 	slider: markerPos = None
0.0084 	EXP 	slider: autoLog = True
0.0229 	INFO 	Keyboard events cleared
0.0228 	EXP 	text: autoDraw = True
0.5819 	DATA 	Mouse: Left button down, pos=(318,315)
0.6677 	DATA 	Mouse:  Left button up, pos=(318,315)
1.5103 	EXP 	Device response: <KeyPress from None: t=1.482984800124541, value=space, duration=None>
1.5166 	DATA 	Keypress: space
1.5512 	EXP 	text: autoDraw = False
1.5512 	EXP 	partyslider: markerPos = None
1.5512 	EXP 	partyslider: markerPos = None
1.5512 	EXP 	partyslider: autoDraw = True
1.5512 	EXP 	partyInstructions: autoDraw = True
1.6222 	EXP 	Device response: <KeyPress from None: t=1.482984800124541, value=space, duration=0.10916620003990829>
2.7303 	DATA 	Mouse: Left button down, pos=(95,302)
2.7660 	EXP 	partyslider: markerPos = np.float64(0.9916666666666667)
2.7935 	EXP 	partyslider: markerPos = np.float64(0.9916666666666667)
2.8084 	DATA 	Mouse:  Left button up, pos=(95,302)
2.8143 	EXP 	partyslider: markerPos = np.float64(0.9916666666666667)
2.8351 	EXP 	partyslider: markerPos = 1.0
2.8537 	DEBUG 	Read excel file with openpyxl: B_Stimuli_w_path.xlsx
2.8546 	EXP 	Imported B_Stimuli_w_path.xlsx as conditions, 3 conditions, 6 params
2.8551 	EXP 	New trial (rep=0, index=0): <Trial 0 (0 in rep 0) data={'Pair': 'likely/certain', 'SIDR': 0.79, 'weak_sentence': 'The spokesperson said success was likely.', 'strong_sentence': 'The spokesperson said success was certain.', 'strong_image': 'Image stimuli/Certain_Sora_25112025.png', 'weak_image': 'Image stimuli/Likely_Sora_25112025.png', 'thisN': 0, 'thisTrialN': 0, 'thisRepN': 0}>
2.9975 	DEBUG 	TextBox2 loaded 1 chars with 0 blanks and 1 valid
2.9991 	DEBUG 	TextBox2 loaded 1 chars with 0 blanks and 1 valid
3.0009 	DEBUG 	TextBox2 loaded 1 chars with 0 blanks and 1 valid
3.0021 	DEBUG 	TextBox2 loaded 1 chars with 0 blanks and 1 valid
3.0034 	DEBUG 	TextBox2 loaded 1 chars with 0 blanks and 1 valid
3.0049 	DEBUG 	TextBox2 loaded 1 chars with 0 blanks and 1 valid
3.0065 	DEBUG 	TextBox2 loaded 1 chars with 0 blanks and 1 valid
3.0080 	DEBUG 	TextBox2 loaded 1 chars with 0 blanks and 1 valid
3.0095 	DEBUG 	TextBox2 loaded 1 chars with 0 blanks and 1 valid
3.0109 	DEBUG 	TextBox2 loaded 1 chars with 0 blanks and 1 valid
3.0126 	DEBUG 	TextBox2 loaded 1 chars with 0 blanks and 1 valid
3.0143 	DEBUG 	TextBox2 loaded 1 chars with 0 blanks and 1 valid
3.0161 	DEBUG 	TextBox2 loaded 1 chars with 0 blanks and 1 valid
3.0165 	DEBUG 	Uploading Texture Font fontname to graphics card
3.0170 	DEBUG 	Upload of Texture Font fontname complete
3.0366 	INFO 	Keyboard events cleared
3.0365 	EXP 	partyslider: autoDraw = False
3.0365 	EXP 	partyInstructions: autoDraw = False
3.0365 	EXP 	image: image = 'Image stimuli/Likely_Sora_25112025.png'
3.0365 	EXP 	image_2: image = 'Image stimuli/Certain_Sora_25112025.png'
3.0365 	EXP 	slider: markerPos = None
3.0365 	EXP 	slider: markerPos = None
3.0365 	EXP 	image: autoDraw = True
3.0365 	EXP 	image_2: autoDraw = True
3.0365 	EXP 	textbox: autoDraw = True
3.0365 	EXP 	errorBox: autoDraw = True
3.0365 	EXP 	slider: autoDraw = True
4.2543 	DATA 	Mouse: Left button down, pos=(391,296)
4.2689 	EXP 	slider: markerPos = np.float64(1.88)
4.2936 	EXP 	slider: markerPos = np.float64(1.88)
4.3212 	EXP 	slider: markerPos = np.float64(1.88)
4.3454 	EXP 	slider: markerPos = np.float64(1.88)
4.3556 	DATA 	Mouse:  Left button up, pos=(391,296)
4.3627 	EXP 	slider: markerPos = 2.0
5.8742 	EXP 	Device response: <KeyPress from None: t=5.871784100076184, value=space, duration=None>
5.8752 	EXP 	New trial (rep=0, index=1): <Trial 1 (1 in rep 0) data={'Pair': 'adequate/good', 'SIDR': 0.44, 'weak_sentence': 'The spokesperson said the office equipment was adequate.', 'strong_sentence': 'The spokesperson said the office equipment was good.', 'strong_image': 'Image stimuli/Good_Sora_25112025 (3).png', 'weak_image': 'Image stimuli/Adequate_Sora_25112025.png', 'thisN': 1, 'thisTrialN': 1, 'thisRepN': 0}>
5.9780 	DEBUG 	TextBox2 loaded 1 chars with 0 blanks and 1 valid
5.9797 	DEBUG 	TextBox2 loaded 1 chars with 0 blanks and 1 valid
5.9817 	DEBUG 	TextBox2 loaded 1 chars with 0 blanks and 1 valid
5.9836 	DEBUG 	TextBox2 loaded 1 chars with 0 blanks and 1 valid
5.9840 	DEBUG 	Uploading Texture Font fontname to graphics card
5.9854 	DEBUG 	Upload of Texture Font fontname complete
5.9869 	EXP 	Device response: <KeyPress from None: t=5.871784100076184, value=space, duration=0.10191820003092289>
5.9897 	DATA 	Keypress: space
6.0011 	INFO 	Keyboard events cleared
6.0010 	EXP 	image: autoDraw = False
6.0010 	EXP 	image_2: autoDraw = False
6.0010 	EXP 	textbox: autoDraw = False
6.0010 	EXP 	errorBox: autoDraw = False
6.0010 	EXP 	slider: autoDraw = False
6.0010 	EXP 	image: image = 'Image stimuli/Adequate_Sora_25112025.png'
6.0010 	EXP 	image_2: image = 'Image stimuli/Good_Sora_25112025 (3).png'
6.0010 	EXP 	slider: markerPos = None
6.0010 	EXP 	slider: markerPos = None
6.0010 	EXP 	image: autoDraw = True
6.0010 	EXP 	image_2: autoDraw = True
6.0010 	EXP 	textbox: autoDraw = True
6.0010 	EXP 	errorBox: autoDraw = True
6.0010 	EXP 	slider: autoDraw = True
6.9260 	DATA 	Mouse: Left button down, pos=(402,291)
6.9484 	EXP 	slider: markerPos = np.float64(2.026666666666667)
6.9592 	EXP 	slider: markerPos = np.float64(2.026666666666667)
6.9733 	EXP 	slider: markerPos = np.float64(2.026666666666667)
6.9871 	EXP 	slider: markerPos = np.float64(2.026666666666667)
7.0010 	EXP 	slider: markerPos = np.float64(2.026666666666667)
7.0148 	EXP 	slider: markerPos = np.float64(2.026666666666667)
7.0206 	DATA 	Mouse:  Left button up, pos=(402,291)
7.0287 	EXP 	slider: markerPos = 2.0
7.3376 	EXP 	Device response: <KeyPress from None: t=7.33177680009976, value=space, duration=None>
7.3383 	EXP 	New trial (rep=0, index=2): <Trial 2 (2 in rep 0) data={'Pair': 'ajar/open', 'SIDR': 0.11, 'weak_sentence': 'The spokesperson said the door to the ballot room was ajar.', 'strong_sentence': 'The spokesperson said the door to the ballot room was open.', 'strong_image': 'Image stimuli/Open_Sora_25112025.png', 'weak_image': 'Image stimuli/Ajar_Sora_25112025.png', 'thisN': 2, 'thisTrialN': 2, 'thisRepN': 0}>
7.4704 	DEBUG 	TextBox2 loaded 1 chars with 0 blanks and 1 valid
7.4706 	DEBUG 	Uploading Texture Font fontname to graphics card
7.4711 	DEBUG 	Upload of Texture Font fontname complete
7.4725 	EXP 	Device response: <KeyPress from None: t=7.33177680009976, value=space, duration=0.10524969990365207>
7.4751 	DATA 	Keypress: space
7.4820 	INFO 	Keyboard events cleared
7.4819 	EXP 	image: autoDraw = False
7.4819 	EXP 	image_2: autoDraw = False
7.4819 	EXP 	textbox: autoDraw = False
7.4819 	EXP 	errorBox: autoDraw = False
7.4819 	EXP 	slider: autoDraw = False
7.4819 	EXP 	image: image = 'Image stimuli/Ajar_Sora_25112025.png'
7.4819 	EXP 	image_2: image = 'Image stimuli/Open_Sora_25112025.png'
7.4819 	EXP 	slider: markerPos = None
7.4819 	EXP 	slider: markerPos = None
7.4819 	EXP 	image: autoDraw = True
7.4819 	EXP 	image_2: autoDraw = True
7.4819 	EXP 	textbox: autoDraw = True
7.4819 	EXP 	errorBox: autoDraw = True
7.4819 	EXP 	slider: autoDraw = True
7.9928 	DATA 	Mouse: Left button down, pos=(402,291)
8.0014 	EXP 	slider: markerPos = np.float64(2.026666666666667)
8.0175 	EXP 	slider: markerPos = np.float64(2.026666666666667)
8.0361 	EXP 	slider: markerPos = np.float64(2.026666666666667)
8.0498 	EXP 	slider: markerPos = np.float64(2.026666666666667)
8.0637 	EXP 	slider: markerPos = np.float64(2.026666666666667)
8.0848 	EXP 	slider: markerPos = np.float64(2.026666666666667)
8.0916 	DATA 	Mouse:  Left button up, pos=(402,291)
8.1055 	EXP 	slider: markerPos = 2.0
8.3052 	EXP 	Device response: <KeyPress from None: t=8.303666100138798, value=space, duration=None>
8.3064 	DATA 	Keypress: space
8.3148 	EXP 	image: autoDraw = False
8.3148 	EXP 	image_2: autoDraw = False
8.3148 	EXP 	textbox: autoDraw = False
8.3148 	EXP 	errorBox: autoDraw = False
8.3148 	EXP 	slider: autoDraw = False
8.3180 	EXP 	final_project: status = STOPPED
8.3348 	INFO 	saved data to 'C:\\Users\\ctnic\\OneDrive\\Desktop\\FInal_ling_805\\data\\pilot_final_project_2025-12-09_05h20.40.676.csv'
8.3361 	INFO 	saved data to C:\Users\ctnic\OneDrive\Desktop\FInal_ling_805\data\pilot_final_project_2025-12-09_05h20.40.676.psydat
8.6562 	DEBUG 	Saving data for final_project ExperimentHandler
8.6609 	WARNING 	Stopping key buffers but this could be dangerous ifother keyboards rely on the same.
8.7218 	WARNING 	Stopping key buffers but this could be dangerous ifother keyboards rely on the same.
8.7219 	WARNING 	Stopping key buffers but this could be dangerous ifother keyboards rely on the same.
